----------

Sat Feb 07 2026 19:22:48 GMT+0800 (GMT+08:00)

warning: in the working copy of 'assets/bootstrap/css/bootstrap.min.css', LF will be replaced by CRLF the next time Git touches it


----------

Sat Feb 07 2026 19:22:48 GMT+0800 (GMT+08:00)

warning: in the working copy of 'assets/bootstrap/js/bootstrap.min.js', LF will be replaced by CRLF the next time Git touches it


----------

Sat Feb 07 2026 19:22:48 GMT+0800 (GMT+08:00)

warning: in the working copy of 'assets/css/bss-overrides.css', LF will be replaced by CRLF the next time Git touches it


----------

Sat Feb 07 2026 19:22:48 GMT+0800 (GMT+08:00)

warning: in the working copy of 'index.html', LF will be replaced by CRLF the next time Git touches it


----------

Sat Feb 07 2026 19:22:59 GMT+0800 (GMT+08:00)

remote: 


----------

Sat Feb 07 2026 19:22:59 GMT+0800 (GMT+08:00)

remote: Create a pull request for 'dev' on GitHub by visiting:        
remote:      https://github.com/doctorbambu/doctorbambucom-site/pull/new/dev        
remote: 


----------

Sat Feb 07 2026 19:22:59 GMT+0800 (GMT+08:00)

To https://github.com/doctorbambu/doctorbambucom-site.git
 * [new branch]      dev -> dev


----------

Sat Feb 07 2026 20:06:14 GMT+0800 (GMT+08:00)

warning: in the working copy of 'assets/bootstrap/css/bootstrap.min.css', LF will be replaced by CRLF the next time Git touches it


----------

Sat Feb 07 2026 20:06:14 GMT+0800 (GMT+08:00)

warning: in the working copy of 'assets/bootstrap/js/bootstrap.min.js', LF will be replaced by CRLF the next time Git touches it


----------

Sat Feb 07 2026 20:06:14 GMT+0800 (GMT+08:00)

warning: in the working copy of 'assets/css/bss-overrides.css', LF will be replaced by CRLF the next time Git touches it


----------

Sat Feb 07 2026 20:06:14 GMT+0800 (GMT+08:00)

warning: in the working copy of 'index.html', LF will be replaced by CRLF the next time Git touches it


----------

Sat Feb 07 2026 20:06:14 GMT+0800 (GMT+08:00)

warning: in the working copy of 'error.log', LF will be replaced by CRLF the next time Git touches it


----------

Sat Feb 07 2026 20:06:19 GMT+0800 (GMT+08:00)

To https://github.com/doctorbambu/doctorbambucom-site.git
   a591edb..c98d862  dev -> dev


